Determining if the pthread_create exist failed with the following output:
Change Dir: /home/bill/Documents/MUR/mur2022_full_system/catkin_ws/build/CMakeFiles/CMakeTmp

Run Build Command:"/usr/bin/make" "cmTC_c5dee/fast"
/usr/bin/make -f CMakeFiles/cmTC_c5dee.dir/build.make CMakeFiles/cmTC_c5dee.dir/build
make[1]: Entering directory '/home/bill/Documents/MUR/mur2022_full_system/catkin_ws/build/CMakeFiles/CMakeTmp'
Building C object CMakeFiles/cmTC_c5dee.dir/CheckSymbolExists.c.o
/usr/bin/cc    -o CMakeFiles/cmTC_c5dee.dir/CheckSymbolExists.c.o   -c /home/bill/Documents/MUR/mur2022_full_system/catkin_ws/build/CMakeFiles/CMakeTmp/CheckSymbolExists.c
Linking C executable cmTC_c5dee
/usr/bin/cmake -E cmake_link_script CMakeFiles/cmTC_c5dee.dir/link.txt --verbose=1
/usr/bin/cc      -rdynamic CMakeFiles/cmTC_c5dee.dir/CheckSymbolExists.c.o  -o cmTC_c5dee 
CMakeFiles/cmTC_c5dee.dir/CheckSymbolExists.c.o: In function `main':
CheckSymbolExists.c:(.text+0x1b): undefined reference to `pthread_create'
collect2: error: ld returned 1 exit status
CMakeFiles/cmTC_c5dee.dir/build.make:97: recipe for target 'cmTC_c5dee' failed
make[1]: *** [cmTC_c5dee] Error 1
make[1]: Leaving directory '/home/bill/Documents/MUR/mur2022_full_system/catkin_ws/build/CMakeFiles/CMakeTmp'
Makefile:126: recipe for target 'cmTC_c5dee/fast' failed
make: *** [cmTC_c5dee/fast] Error 2

File /home/bill/Documents/MUR/mur2022_full_system/catkin_ws/build/CMakeFiles/CMakeTmp/CheckSymbolExists.c:
/* */
#include <pthread.h>

int main(int argc, char** argv)
{
  (void)argv;
#ifndef pthread_create
  return ((int*)(&pthread_create))[argc];
#else
  (void)argc;
  return 0;
#endif
}

Determining if the function pthread_create exists in the pthreads failed with the following output:
Change Dir: /home/bill/Documents/MUR/mur2022_full_system/catkin_ws/build/CMakeFiles/CMakeTmp

Run Build Command:"/usr/bin/make" "cmTC_def0b/fast"
/usr/bin/make -f CMakeFiles/cmTC_def0b.dir/build.make CMakeFiles/cmTC_def0b.dir/build
make[1]: Entering directory '/home/bill/Documents/MUR/mur2022_full_system/catkin_ws/build/CMakeFiles/CMakeTmp'
Building C object CMakeFiles/cmTC_def0b.dir/CheckFunctionExists.c.o
/usr/bin/cc   -DCHECK_FUNCTION_EXISTS=pthread_create   -o CMakeFiles/cmTC_def0b.dir/CheckFunctionExists.c.o   -c /usr/share/cmake-3.10/Modules/CheckFunctionExists.c
Linking C executable cmTC_def0b
/usr/bin/cmake -E cmake_link_script CMakeFiles/cmTC_def0b.dir/link.txt --verbose=1
/usr/bin/cc  -DCHECK_FUNCTION_EXISTS=pthread_create    -rdynamic CMakeFiles/cmTC_def0b.dir/CheckFunctionExists.c.o  -o cmTC_def0b -lpthreads 
/usr/bin/ld: cannot find -lpthreads
collect2: error: ld returned 1 exit status
CMakeFiles/cmTC_def0b.dir/build.make:97: recipe for target 'cmTC_def0b' failed
make[1]: *** [cmTC_def0b] Error 1
make[1]: Leaving directory '/home/bill/Documents/MUR/mur2022_full_system/catkin_ws/build/CMakeFiles/CMakeTmp'
Makefile:126: recipe for target 'cmTC_def0b/fast' failed
make: *** [cmTC_def0b/fast] Error 2


